<?xml version="1.0" encoding="UTF-8"?>
<testng-results skipped="0" failed="0" total="1" passed="1">
  <reporter-output>
  </reporter-output>
  <suite name="Default suite" duration-ms="9661" started-at="2019-12-28T09:40:49Z" finished-at="2019-12-28T09:40:59Z">
    <groups>
    </groups>
    <test name="Default test" duration-ms="9661" started-at="2019-12-28T09:40:49Z" finished-at="2019-12-28T09:40:59Z">
      <class name="com.tm.library.Sample">
        <test-method status="PASS" signature="m1()[pri:0, instance:com.tm.library.Sample@1b604f19]" name="m1" duration-ms="9624" started-at="2019-12-28T15:10:50Z" finished-at="2019-12-28T15:10:59Z">
          <reporter-output>
          </reporter-output>
        </test-method> <!-- m1 -->
      </class> <!-- com.tm.library.Sample -->
    </test> <!-- Default test -->
  </suite> <!-- Default suite -->
</testng-results>
